<?xml version="1.0" encoding="UTF-8"?>
<!-- Generated by org.testng.reporters.JUnitXMLReporter -->
<testsuite hostname="Charu-PC" ignored="0" name="Command line test" tests="6" failures="0" timestamp="14 Jul 2020 04:04:22 GMT" time="0.046" errors="0">
  <testcase name="IOSApp" time="0.018" classname="qaclickacademy.Mavenjava.AppiumTest"/>
  <testcase name="NativeAppAndroid" time="0.0" classname="qaclickacademy.Mavenjava.AppiumTest"/>
  <testcase name="DeleteTwitter" time="0.0" classname="qaclickacademy.Mavenjava.RestAPITest"/>
  <testcase name="PostJira" time="0.0" classname="qaclickacademy.Mavenjava.RestAPITest"/>
  <testcase name="BrowserAutomation" time="0.0" classname="qaclickacademy.Mavenjava.SeleniumTest"/>
  <testcase name="ElementsUI" time="0.0" classname="qaclickacademy.Mavenjava.SeleniumTest"/>
</testsuite> <!-- Command line test -->
