<?xml version="1.0" encoding="UTF-8"?>
<testng-results skipped="0" failed="0" ignored="0" total="4" passed="4">
  <reporter-output>
  </reporter-output>
  <suite name="Suite" duration-ms="85" started-at="2020-07-29T11:15:18 IST" finished-at="2020-07-29T11:15:18 IST">
    <groups>
    </groups>
    <test name="Test" duration-ms="85" started-at="2020-07-29T11:15:18 IST" finished-at="2020-07-29T11:15:18 IST">
      <class name="qaclickacademy.Mavenjava.AppiumTest">
        <test-method status="PASS" signature="IOSApp()[pri:0, instance:qaclickacademy.Mavenjava.AppiumTest@1b92f0a]" name="IOSApp" duration-ms="6" started-at="2020-07-29T11:15:18 IST" finished-at="2020-07-29T11:15:18 IST">
          <reporter-output>
          </reporter-output>
        </test-method> <!-- IOSApp -->
        <test-method status="PASS" signature="NativeAppAndroid()[pri:0, instance:qaclickacademy.Mavenjava.AppiumTest@1b92f0a]" name="NativeAppAndroid" duration-ms="0" started-at="2020-07-29T11:15:18 IST" finished-at="2020-07-29T11:15:18 IST">
          <reporter-output>
          </reporter-output>
        </test-method> <!-- NativeAppAndroid -->
      </class> <!-- qaclickacademy.Mavenjava.AppiumTest -->
      <class name="qaclickacademy.Mavenjava.SeleniumTest">
        <test-method status="PASS" signature="BrowserAutomation()[pri:0, instance:qaclickacademy.Mavenjava.SeleniumTest@19627bc]" name="BrowserAutomation" duration-ms="1" started-at="2020-07-29T11:15:18 IST" finished-at="2020-07-29T11:15:18 IST">
          <reporter-output>
          </reporter-output>
        </test-method> <!-- BrowserAutomation -->
        <test-method status="PASS" signature="ElementsUI()[pri:0, instance:qaclickacademy.Mavenjava.SeleniumTest@19627bc]" name="ElementsUI" duration-ms="0" started-at="2020-07-29T11:15:18 IST" finished-at="2020-07-29T11:15:18 IST">
          <reporter-output>
          </reporter-output>
        </test-method> <!-- ElementsUI -->
      </class> <!-- qaclickacademy.Mavenjava.SeleniumTest -->
    </test> <!-- Test -->
  </suite> <!-- Suite -->
</testng-results>
